Using pre-set license
Built from '2021.1/release' branch; Version is '2021.1.4f1 (4cd64a618c1b) revision 5035594'; Using compiler version '192528614'; Build Type 'Release'
OS: 'Windows 10 Home; OS build 19042.928; Version 2009; 64bit' Language: 'en' Physical Memory: 3980 MB
BatchMode: 1, IsHumanControllingUs: 0, StartBugReporterOnCrash: 0, Is64bit: 1, IsPro: 0

 COMMAND LINE ARGUMENTS:
D:\Unity\2021.1.4f1\Editor\Unity.exe
-adb2
-batchMode
-noUpm
-name
AssetImportWorker6
-projectPath
D:/unity projects 2/asset management
-logFile
Logs/AssetImportWorker6.log
-srvPort
49949
Successfully changed project path to: D:/unity projects 2/asset management
D:/unity projects 2/asset management
Using Asset Import Pipeline V2.
Refreshing native plugins compatible for Editor in 328.85 ms, found 2 plugins.
Preloading 0 native plugins for Editor in 0.00 ms.
Initialize engine version: 2021.1.4f1 (4cd64a618c1b)
[Subsystems] Discovering subsystems at path D:/Unity/2021.1.4f1/Editor/Data/Resources/UnitySubsystems
[Subsystems] Discovering subsystems at path D:/unity projects 2/asset management/Assets
GfxDevice: creating device client; threaded=0; jobified=0
Direct3D:
    Version:  Direct3D 11.0 [level 11.1]
    Renderer: Intel(R) HD Graphics 615 (ID=0x591e)
    Vendor:   Intel
    VRAM:     1990 MB
    Driver:   27.20.100.8681
Initialize mono
Mono path[0] = 'D:/Unity/2021.1.4f1/Editor/Data/Managed'
Mono path[1] = 'D:/Unity/2021.1.4f1/Editor/Data/MonoBleedingEdge/lib/mono/unityjit'
Mono config path = 'D:/Unity/2021.1.4f1/Editor/Data/MonoBleedingEdge/etc'
Using monoOptions --debugger-agent=transport=dt_socket,embedding=1,server=y,suspend=n,address=127.0.0.1:56180
Begin MonoManager ReloadAssembly
Registering precompiled unity dll's ...
Register platform support module: D:/Unity/2021.1.4f1/Editor/Data/PlaybackEngines/WindowsStandaloneSupport/UnityEditor.WindowsStandalone.Extensions.dll
Registered in 0.011692 seconds.
Native extension for WindowsStandalone target not found
Refreshing native plugins compatible for Editor in 391.53 ms, found 2 plugins.
Preloading 0 native plugins for Editor in 0.00 ms.
Mono: successfully reloaded assembly
- Completed reload, in  7.198 seconds
Platform modules already initialized, skipping
Registering precompiled user dll's ...
Registered in 0.007694 seconds.
Begin MonoManager ReloadAssembly
Native extension for WindowsStandalone target not found
Refreshing native plugins compatible for Editor in 288.50 ms, found 2 plugins.
Preloading 0 native plugins for Editor in 0.00 ms.
Mono: successfully reloaded assembly
- Completed reload, in 13.994 seconds
Platform modules already initialized, skipping
========================================================================
Worker process is ready to serve import requests
Launched and connected shader compiler UnityShaderCompiler.exe after 0.35 seconds
Refreshing native plugins compatible for Editor in 1.27 ms, found 2 plugins.
Preloading 0 native plugins for Editor in 0.00 ms.
Unloading 3234 Unused Serialized files (Serialized files now loaded: 0)
System memory in use before: 126.1 MB.
System memory in use after: 125.9 MB.

Unloading 99 unused Assets to reduce memory usage. Loaded Objects now: 3671.
Total: 49.494400 ms (FindLiveObjects: 0.533400 ms CreateObjectMapping: 0.433200 ms MarkObjects: 43.315800 ms  DeleteObjects: 5.208700 ms)

========================================================================
Received Import Request.
  path: Assets/bball 1.fbx
  artifactKey: Guid(3447c2534b1acf74e9337e2c8af6d76d) Importer(815301076,1909f56bfc062723c751e8b465ee728b)
Start importing Assets/bball 1.fbx using Guid(3447c2534b1acf74e9337e2c8af6d76d) Importer(815301076,1909f56bfc062723c751e8b465ee728b)  -> (artifact id: '64fbcb18519deeddf3ea0d79501e8a61') in 2.746684 seconds 
========================================================================
Received Import Request.
  Time since last request: 231.897656 seconds.
  path: Assets/New Material 2.mat
  artifactKey: Guid(aef1ce31ebce4a0488028fb27896d959) Importer(815301076,1909f56bfc062723c751e8b465ee728b)
Start importing Assets/New Material 2.mat using Guid(aef1ce31ebce4a0488028fb27896d959) Importer(815301076,1909f56bfc062723c751e8b465ee728b)  -> (artifact id: '6725ca22f8998477fb75d075402e67ef') in 0.182094 seconds 
========================================================================
Received Import Request.
  Time since last request: 464.516916 seconds.
  path: Assets/New Material 2.mat
  artifactKey: Guid(aef1ce31ebce4a0488028fb27896d959) Importer(815301076,1909f56bfc062723c751e8b465ee728b)
Start importing Assets/New Material 2.mat using Guid(aef1ce31ebce4a0488028fb27896d959) Importer(815301076,1909f56bfc062723c751e8b465ee728b)  -> (artifact id: '2766fdb5effca9ad611608505574e7dd') in 1.608047 seconds 
========================================================================
Received Prepare
Registering precompiled user dll's ...
Registered in 0.011158 seconds.
Begin MonoManager ReloadAssembly
Native extension for WindowsStandalone target not found
Refreshing native plugins compatible for Editor in 4.60 ms, found 2 plugins.
Preloading 0 native plugins for Editor in 0.00 ms.
Warning: Annotation not found!
UnityEngine.StackTraceUtility:ExtractStackTrace ()
UnityEditor.ProBuilder.EditorUtility:SetGizmoIconEnabled (System.Type,bool) (at Library/PackageCache/com.unity.probuilder@5.0.3/Editor/EditorCore/EditorUtility.cs:575)
UnityEditor.ProBuilder.HierarchyListener:.cctor () (at Library/PackageCache/com.unity.probuilder@5.0.3/Editor/EditorCore/HierarchyListener.cs:21)
System.Runtime.CompilerServices.RuntimeHelpers:RunClassConstructor (System.RuntimeTypeHandle)
UnityEditor.EditorAssemblies:ProcessInitializeOnLoadAttributes (System.Type[])

[Library/PackageCache/com.unity.probuilder@5.0.3/Editor/EditorCore/EditorUtility.cs line 575]

Mono: successfully reloaded assembly
- Completed reload, in  4.060 seconds
Platform modules already initialized, skipping
Refreshing native plugins compatible for Editor in 1.16 ms, found 2 plugins.
Preloading 0 native plugins for Editor in 0.00 ms.
Unloading 3169 Unused Serialized files (Serialized files now loaded: 0)
System memory in use before: 124.9 MB.
System memory in use after: 124.7 MB.

Unloading 16 unused Assets to reduce memory usage. Loaded Objects now: 3717.
Total: 9.576100 ms (FindLiveObjects: 0.662800 ms CreateObjectMapping: 0.433200 ms MarkObjects: 6.870800 ms  DeleteObjects: 1.604400 ms)

========================================================================
Received Import Request.
  Time since last request: 567.944474 seconds.
  path: Assets/Porcelain001_2K-PNG
  artifactKey: Guid(7a70b80f06baf8849807ee3a3707bd7c) Importer(815301076,1909f56bfc062723c751e8b465ee728b)
Start importing Assets/Porcelain001_2K-PNG using Guid(7a70b80f06baf8849807ee3a3707bd7c) Importer(815301076,1909f56bfc062723c751e8b465ee728b)  -> (artifact id: 'b1987688be69ef10be6920cbe634e969') in 0.040857 seconds 
========================================================================
Received Import Request.
  Time since last request: 36.573801 seconds.
  path: Assets/New Lighting Settings.lighting
  artifactKey: Guid(2372ae6b092f9dd4bb28ee9af7aa7ec4) Importer(815301076,1909f56bfc062723c751e8b465ee728b)
Start importing Assets/New Lighting Settings.lighting using Guid(2372ae6b092f9dd4bb28ee9af7aa7ec4) Importer(815301076,1909f56bfc062723c751e8b465ee728b)  -> (artifact id: 'ec9cf7b05f0fd2d830cd646609f9fcaa') in 0.108934 seconds 
========================================================================
Received Import Request.
  Time since last request: 168.445602 seconds.
  path: Assets/road.mat
  artifactKey: Guid(81c8b1c510040b4459d8baeed807e6b9) Importer(815301076,1909f56bfc062723c751e8b465ee728b)
Start importing Assets/road.mat using Guid(81c8b1c510040b4459d8baeed807e6b9) Importer(815301076,1909f56bfc062723c751e8b465ee728b)  -> (artifact id: '9ff3963970801e8381fc10cc23c2b4a0') in 0.337226 seconds 
========================================================================
Received Import Request.
  Time since last request: 25.217251 seconds.
  path: Assets/jordan-holbrook-rox.jpg
  artifactKey: Guid(79c2a14db4bc22d4d8d1b32e4efeab4a) Importer(815301076,1909f56bfc062723c751e8b465ee728b)
Start importing Assets/jordan-holbrook-rox.jpg using Guid(79c2a14db4bc22d4d8d1b32e4efeab4a) Importer(815301076,1909f56bfc062723c751e8b465ee728b)  -> (artifact id: '2cf03a9597f152cf31461a9af7120c29') in 0.207745 seconds 
========================================================================
Received Import Request.
  Time since last request: 1557.774541 seconds.
  path: Assets/New LightmapParameters.giparams
  artifactKey: Guid(dd2471c04d3027345a19bd1aeefddac0) Importer(815301076,1909f56bfc062723c751e8b465ee728b)
Start importing Assets/New LightmapParameters.giparams using Guid(dd2471c04d3027345a19bd1aeefddac0) Importer(815301076,1909f56bfc062723c751e8b465ee728b)  -> (artifact id: '6262717a4eca4ec48096689d5263d337') in 0.130451 seconds 
========================================================================
Received Import Request.
  Time since last request: 3999.484474 seconds.
  path: Assets/chrome.mat
  artifactKey: Guid(39fdf059e7f518046af421206e367283) Importer(815301076,1909f56bfc062723c751e8b465ee728b)
Start importing Assets/chrome.mat using Guid(39fdf059e7f518046af421206e367283) Importer(815301076,1909f56bfc062723c751e8b465ee728b)  -> (artifact id: 'e7c2f989488e324689566c720f1a0751') in 0.605718 seconds 
========================================================================
Received Import Request.
  Time since last request: 0.001272 seconds.
  path: Assets/pcscreen.mat
  artifactKey: Guid(ea1a85b14e6bc02408e14dcc7b5f9a89) Importer(815301076,1909f56bfc062723c751e8b465ee728b)
Start importing Assets/pcscreen.mat using Guid(ea1a85b14e6bc02408e14dcc7b5f9a89) Importer(815301076,1909f56bfc062723c751e8b465ee728b)  -> (artifact id: '847b7ae2c9cc155e5cb7617c2168c6a5') in 0.194003 seconds 
========================================================================
Received Import Request.
  Time since last request: 0.000601 seconds.
  path: Assets/New Lighting Settings.lighting
  artifactKey: Guid(2372ae6b092f9dd4bb28ee9af7aa7ec4) Importer(815301076,1909f56bfc062723c751e8b465ee728b)
Start importing Assets/New Lighting Settings.lighting using Guid(2372ae6b092f9dd4bb28ee9af7aa7ec4) Importer(815301076,1909f56bfc062723c751e8b465ee728b)  -> (artifact id: '2bd5f757d9a4c0374b3ed0bbdc7ddda4') in 0.098804 seconds 
========================================================================
Received Import Request.
  Time since last request: 0.050111 seconds.
  path: Assets/road.mat
  artifactKey: Guid(81c8b1c510040b4459d8baeed807e6b9) Importer(815301076,1909f56bfc062723c751e8b465ee728b)
Start importing Assets/road.mat using Guid(81c8b1c510040b4459d8baeed807e6b9) Importer(815301076,1909f56bfc062723c751e8b465ee728b)  -> (artifact id: '9af19593c9b5226e70535388ba648719') in 0.153073 seconds 
========================================================================
Received Import Request.
  Time since last request: 0.000666 seconds.
  path: Assets/sign.mat
  artifactKey: Guid(7e9e85e13e5abda4baa9b79a6ee03c6b) Importer(815301076,1909f56bfc062723c751e8b465ee728b)
Start importing Assets/sign.mat using Guid(7e9e85e13e5abda4baa9b79a6ee03c6b) Importer(815301076,1909f56bfc062723c751e8b465ee728b)  -> (artifact id: '66d90e49ec90235f899d8c75032444ae') in 0.140291 seconds 
========================================================================
Received Import Request.
  Time since last request: 0.001846 seconds.
  path: Assets/porcelain.mat
  artifactKey: Guid(6c5a15c072b84354c84cdfa6e5b28c90) Importer(815301076,1909f56bfc062723c751e8b465ee728b)
Start importing Assets/porcelain.mat using Guid(6c5a15c072b84354c84cdfa6e5b28c90) Importer(815301076,1909f56bfc062723c751e8b465ee728b)  -> (artifact id: 'b54f45303327ff3e01d6169282c4a302') in 0.118951 seconds 
========================================================================
Received Prepare
Registering precompiled user dll's ...
Registered in 0.081250 seconds.
Begin MonoManager ReloadAssembly
Native extension for WindowsStandalone target not found
Refreshing native plugins compatible for Editor in 7.36 ms, found 2 plugins.
Preloading 0 native plugins for Editor in 0.00 ms.
Warning: Annotation not found!
UnityEngine.StackTraceUtility:ExtractStackTrace ()
UnityEditor.ProBuilder.EditorUtility:SetGizmoIconEnabled (System.Type,bool) (at Library/PackageCache/com.unity.probuilder@5.0.3/Editor/EditorCore/EditorUtility.cs:575)
UnityEditor.ProBuilder.HierarchyListener:.cctor () (at Library/PackageCache/com.unity.probuilder@5.0.3/Editor/EditorCore/HierarchyListener.cs:21)
System.Runtime.CompilerServices.RuntimeHelpers:RunClassConstructor (System.RuntimeTypeHandle)
UnityEditor.EditorAssemblies:ProcessInitializeOnLoadAttributes (System.Type[])

[Library/PackageCache/com.unity.probuilder@5.0.3/Editor/EditorCore/EditorUtility.cs line 575]

Mono: successfully reloaded assembly
- Completed reload, in 18.821 seconds
Platform modules already initialized, skipping
Refreshing native plugins compatible for Editor in 4.81 ms, found 2 plugins.
Preloading 0 native plugins for Editor in 0.00 ms.
Unloading 3170 Unused Serialized files (Serialized files now loaded: 0)
System memory in use before: 126.1 MB.
System memory in use after: 125.9 MB.

Unloading 16 unused Assets to reduce memory usage. Loaded Objects now: 3738.
Total: 79.179700 ms (FindLiveObjects: 3.212400 ms CreateObjectMapping: 2.022700 ms MarkObjects: 66.903500 ms  DeleteObjects: 7.031200 ms)

